Determining if the pthread_create exist failed with the following output:
Change Dir: /home/sb18/my-repos/cppFormater/build/CMakeFiles/CMakeTmp

Run Build Command:"/usr/bin/make" "cmTC_50d7b/fast"
/usr/bin/make -f CMakeFiles/cmTC_50d7b.dir/build.make CMakeFiles/cmTC_50d7b.dir/build
make[1]: Entering directory '/home/sb18/my-repos/cppFormater/build/CMakeFiles/CMakeTmp'
Building C object CMakeFiles/cmTC_50d7b.dir/CheckSymbolExists.c.o
/usr/bin/cc    -o CMakeFiles/cmTC_50d7b.dir/CheckSymbolExists.c.o   -c /home/sb18/my-repos/cppFormater/build/CMakeFiles/CMakeTmp/CheckSymbolExists.c
Linking C executable cmTC_50d7b
/opt/cmake/bin/cmake -E cmake_link_script CMakeFiles/cmTC_50d7b.dir/link.txt --verbose=1
/usr/bin/cc      CMakeFiles/cmTC_50d7b.dir/CheckSymbolExists.c.o  -o cmTC_50d7b 
CMakeFiles/cmTC_50d7b.dir/CheckSymbolExists.c.o: In function `main':
CheckSymbolExists.c:(.text+0x16): undefined reference to `pthread_create'
collect2: error: ld returned 1 exit status
CMakeFiles/cmTC_50d7b.dir/build.make:86: recipe for target 'cmTC_50d7b' failed
make[1]: *** [cmTC_50d7b] Error 1
make[1]: Leaving directory '/home/sb18/my-repos/cppFormater/build/CMakeFiles/CMakeTmp'
Makefile:121: recipe for target 'cmTC_50d7b/fast' failed
make: *** [cmTC_50d7b/fast] Error 2

File /home/sb18/my-repos/cppFormater/build/CMakeFiles/CMakeTmp/CheckSymbolExists.c:
/* */
#include <pthread.h>

int main(int argc, char** argv)
{
  (void)argv;
#ifndef pthread_create
  return ((int*)(&pthread_create))[argc];
#else
  (void)argc;
  return 0;
#endif
}

Determining if the function pthread_create exists in the pthreads failed with the following output:
Change Dir: /home/sb18/my-repos/cppFormater/build/CMakeFiles/CMakeTmp

Run Build Command:"/usr/bin/make" "cmTC_c1eb3/fast"
/usr/bin/make -f CMakeFiles/cmTC_c1eb3.dir/build.make CMakeFiles/cmTC_c1eb3.dir/build
make[1]: Entering directory '/home/sb18/my-repos/cppFormater/build/CMakeFiles/CMakeTmp'
Building C object CMakeFiles/cmTC_c1eb3.dir/CheckFunctionExists.c.o
/usr/bin/cc   -DCHECK_FUNCTION_EXISTS=pthread_create   -o CMakeFiles/cmTC_c1eb3.dir/CheckFunctionExists.c.o   -c /opt/cmake/share/cmake-3.12/Modules/CheckFunctionExists.c
Linking C executable cmTC_c1eb3
/opt/cmake/bin/cmake -E cmake_link_script CMakeFiles/cmTC_c1eb3.dir/link.txt --verbose=1
/usr/bin/cc  -DCHECK_FUNCTION_EXISTS=pthread_create    CMakeFiles/cmTC_c1eb3.dir/CheckFunctionExists.c.o  -o cmTC_c1eb3 -lpthreads 
/usr/bin/ld: cannot find -lpthreads
collect2: error: ld returned 1 exit status
CMakeFiles/cmTC_c1eb3.dir/build.make:86: recipe for target 'cmTC_c1eb3' failed
make[1]: *** [cmTC_c1eb3] Error 1
make[1]: Leaving directory '/home/sb18/my-repos/cppFormater/build/CMakeFiles/CMakeTmp'
Makefile:121: recipe for target 'cmTC_c1eb3/fast' failed
make: *** [cmTC_c1eb3/fast] Error 2


